### echo snippy 4.6.0
### cd /scratch/group_share/nextflow_workdir/myee/b1/963476b1510b2ba0d3cd10fd7c5a5f

### /usr/local/bin/snippy --cpus 1 --outdir sample12 --reference reference.fna --prefix sample12 --ctgs sample12.fna --force

### samtools faidx reference/ref.fa


### bwa index reference/ref.fa

[bwa_index] Pack FASTA... 0.03 sec
[bwa_index] Construct BWT for the packed sequence...
[bwa_index] 0.53 seconds elapse.
[bwa_index] Update BWT... 0.02 sec
[bwa_index] Pack forward-only FASTA... 0.01 sec
[bwa_index] Construct SA from BWT and Occ... 0.30 sec
[main] Version: 0.7.17-r1188
[main] CMD: bwa index reference/ref.fa
[main] Real time: 0.983 sec; CPU: 0.897 sec

### mkdir -p reference/genomes && cp -f reference/ref.fa reference/genomes/ref.fa


### ln -sf reference/ref.fa .


### ln -sf reference/ref.fa.fai .


### mkdir -p reference/ref && gzip -c reference/ref.gff > reference/ref/genes.gff.gz


### bwa mem  -Y -M -R '@RG\tID:sample12\tSM:sample12' -t 1 reference/ref.fa fake_reads.fq | samclip --max 10 --ref reference/ref.fa.fai | samtools sort -n -l 0 -T /tmp --threads 0 -m 8000M | samtools fixmate -m --threads 0 - - | samtools sort -l 0 -T /tmp --threads 0 -m 8000M | samtools markdup -T /tmp --threads 0 -r -s - - > sample12.bam

[markdup] warning: unable to calculate estimated library size. Read pairs 0 should be greater than duplicate pairs 0, which should both be non zero.
COMMAND: samtools markdup -T /tmp --threads 0 -r -s - -
READ: 238183
WRITTEN: 236733
EXCLUDED: 2179
EXAMINED: 236004
PAIRED: 0
SINGLE: 236004
DUPLICATE PAIR: 0
DUPLICATE SINGLE: 1450
DUPLICATE PAIR OPTICAL: 0
DUPLICATE SINGLE OPTICAL: 0
DUPLICATE NON PRIMARY: 0
DUPLICATE NON PRIMARY OPTICAL: 0
DUPLICATE PRIMARY TOTAL: 1450
DUPLICATE TOTAL: 1450
ESTIMATED_LIBRARY_SIZE: 0

### samtools index sample12.bam


### fasta_generate_regions.py reference/ref.fa.fai 3013319 > reference/ref.txt


### freebayes-parallel reference/ref.txt 1 -p 2 -P 0 -C 2 -F 0.05 --min-coverage 10 --min-repeat-entropy 1.0 -q 13 -m 60 --strict-vcf   -f reference/ref.fa sample12.bam > sample12.raw.vcf


### bcftools view --include 'FMT/GT="1/1" && QUAL>=100 && FMT/DP>=10 && (FMT/AO)/(FMT/DP)>=0' sample12.raw.vcf  | vt normalize -r reference/ref.fa - | bcftools annotate --remove '^INFO/TYPE,^INFO/DP,^INFO/RO,^INFO/AO,^INFO/AB,^FORMAT/GT,^FORMAT/DP,^FORMAT/RO,^FORMAT/AO,^FORMAT/QR,^FORMAT/QA,^FORMAT/GL' > sample12.filt.vcf


### cp sample12.filt.vcf sample12.vcf


### /usr/local/bin/snippy-vcf_to_tab --gff reference/ref.gff --ref reference/ref.fa --vcf sample12.vcf > sample12.tab

Loading reference: reference/ref.fa
Loaded 21 sequences.
Loading features: reference/ref.gff
Parsing variants: sample12.vcf
Converted 270 SNPs to TAB format.

### /usr/local/bin/snippy-vcf_extract_subs sample12.filt.vcf > sample12.subs.vcf


### bcftools convert -Oz -o sample12.vcf.gz sample12.vcf


### bcftools index -f sample12.vcf.gz


### bcftools consensus --sample sample12 -f reference/ref.fa -o sample12.consensus.fa sample12.vcf.gz

Applied 270 variants

### bcftools convert -Oz -o sample12.subs.vcf.gz sample12.subs.vcf


### bcftools index -f sample12.subs.vcf.gz


### bcftools consensus --sample sample12 -f reference/ref.fa -o sample12.consensus.subs.fa sample12.subs.vcf.gz

Applied 347 variants

### rm -f sample12.subs.vcf.gz sample12.subs.vcf.gz.csi sample12.subs.vcf.gz.tbi


### rm -f fake_reads\.fq

