Dec-12 02:16:11.219 [main] DEBUG nextflow.cli.Launcher - $> nextflow run main.nf -profile singularity
Dec-12 02:16:11.419 [main] INFO  nextflow.cli.CmdRun - N E X T F L O W  ~  version 23.04.3
Dec-12 02:16:11.443 [main] DEBUG nextflow.plugin.PluginsFacade - Setting up plugin manager > mode=prod; embedded=false; plugins-dir=/home/jupyter-myee/.nextflow/plugins; core-plugins: nf-amazon@1.16.2,nf-azure@1.0.1,nf-codecommit@0.1.4,nf-console@1.0.5,nf-ga4gh@1.0.5,nf-google@1.7.3,nf-tower@1.5.12,nf-wave@0.8.4
Dec-12 02:16:11.455 [main] INFO  org.pf4j.DefaultPluginStatusProvider - Enabled plugins: []
Dec-12 02:16:11.456 [main] INFO  org.pf4j.DefaultPluginStatusProvider - Disabled plugins: []
Dec-12 02:16:11.460 [main] INFO  org.pf4j.DefaultPluginManager - PF4J version 3.4.1 in 'deployment' mode
Dec-12 02:16:11.474 [main] INFO  org.pf4j.AbstractPluginManager - No plugins
Dec-12 02:16:11.493 [main] DEBUG nextflow.config.ConfigBuilder - Found config local: /home/jupyter-myee/projects/nextflow/cgphylogeny/nextflow.config
Dec-12 02:16:11.494 [main] DEBUG nextflow.config.ConfigBuilder - Parsing config file: /home/jupyter-myee/projects/nextflow/cgphylogeny/nextflow.config
Dec-12 02:16:11.518 [main] DEBUG nextflow.config.ConfigBuilder - Applying config profile: `singularity`
Dec-12 02:16:12.405 [main] DEBUG nextflow.config.ConfigBuilder - Available config profiles: [singularity]
Dec-12 02:16:12.442 [main] DEBUG nextflow.cli.CmdRun - Applied DSL=2 from script declararion
Dec-12 02:16:12.449 [main] INFO  nextflow.cli.CmdRun - Launching `main.nf` [serene_mandelbrot] DSL2 - revision: e0dbfc26eb
Dec-12 02:16:12.450 [main] DEBUG nextflow.plugin.PluginsFacade - Plugins default=[]
Dec-12 02:16:12.450 [main] DEBUG nextflow.plugin.PluginsFacade - Plugins resolved requirement=[]
Dec-12 02:16:12.470 [main] DEBUG nextflow.secret.LocalSecretsProvider - Secrets store: /home/jupyter-myee/.nextflow/secrets/store.json
Dec-12 02:16:12.475 [main] DEBUG nextflow.secret.SecretsLoader - Discovered secrets providers: [nextflow.secret.LocalSecretsProvider@588545ac] - activable => nextflow.secret.LocalSecretsProvider@588545ac
Dec-12 02:16:12.549 [main] DEBUG nextflow.Session - Session UUID: 1414bac0-46f6-4d51-b079-f671bc0225ff
Dec-12 02:16:12.549 [main] DEBUG nextflow.Session - Run name: serene_mandelbrot
Dec-12 02:16:12.550 [main] DEBUG nextflow.Session - Executor pool size: 16
Dec-12 02:16:12.564 [main] DEBUG nextflow.util.ThreadPoolBuilder - Creating thread pool 'FileTransfer' minSize=10; maxSize=48; workQueue=LinkedBlockingQueue[10000]; allowCoreThreadTimeout=false
Dec-12 02:16:12.594 [main] DEBUG nextflow.cli.CmdRun - 
  Version: 23.04.3 build 5875
  Created: 11-08-2023 18:37 UTC 
  System: Linux 5.4.0-150-generic
  Runtime: Groovy 3.0.16 on OpenJDK 64-Bit Server VM 11.0.16+8
  Encoding: UTF-8 (UTF-8)
  Process: 4168782@jupyterdev [192.168.151.168]
  CPUs: 16 - Mem: 176.9 GB (33.9 GB) - Swap: 0 (0)
Dec-12 02:16:12.623 [main] DEBUG nextflow.Session - Work-dir: /opt/share/nextflow_workdir/jupyter-myee [ext2/ext3]
Dec-12 02:16:12.623 [main] DEBUG nextflow.Session - Script base path does not exist or is not a directory: /home/jupyter-myee/projects/nextflow/cgphylogeny/bin
Dec-12 02:16:12.661 [main] DEBUG nextflow.executor.ExecutorFactory - Extension executors providers=[GoogleLifeSciencesExecutor, AwsBatchExecutor, GoogleBatchExecutor]
Dec-12 02:16:12.677 [main] DEBUG nextflow.Session - Observer factory: DefaultObserverFactory
Dec-12 02:16:12.679 [main] DEBUG nextflow.Session - Observer factory: TowerFactory
Dec-12 02:16:12.706 [main] DEBUG nextflow.cache.CacheFactory - Using Nextflow cache factory: nextflow.cache.DefaultCacheFactory
Dec-12 02:16:12.721 [main] DEBUG nextflow.util.CustomThreadPool - Creating default thread pool > poolSize: 17; maxThreads: 1000
Dec-12 02:16:12.955 [main] DEBUG nextflow.Session - Session start
Dec-12 02:16:13.279 [main] DEBUG nextflow.script.ScriptRunner - > Launching execution
Dec-12 02:16:13.291 [main] WARN  nextflow.script.ScriptBinding - Access to undefined parameter `help` -- Initialise it to a default value eg. `params.help = some_value`
Dec-12 02:16:14.217 [main] DEBUG nextflow.script.ProcessConfig - Config settings `withName:SNIPPY_RUN` matches process CGPHYLOGENY:SNIPPY_RUN
Dec-12 02:16:14.225 [main] DEBUG nextflow.executor.ExecutorFactory - << taskConfig executor: null
Dec-12 02:16:14.225 [main] DEBUG nextflow.executor.ExecutorFactory - >> processorType: 'local'
Dec-12 02:16:14.232 [main] DEBUG nextflow.executor.Executor - [warm up] executor > local
Dec-12 02:16:14.238 [main] DEBUG n.processor.LocalPollingMonitor - Creating local task monitor for executor 'local' > cpus=16; memory=176.9 GB; capacity=16; pollInterval=100ms; dumpInterval=5m
Dec-12 02:16:14.363 [main] DEBUG nextflow.script.ProcessConfig - Config settings `withName:SNIPPY_CORE` matches process CGPHYLOGENY:SNIPPY_CORE
Dec-12 02:16:14.365 [main] DEBUG nextflow.executor.ExecutorFactory - << taskConfig executor: null
Dec-12 02:16:14.365 [main] DEBUG nextflow.executor.ExecutorFactory - >> processorType: 'local'
Dec-12 02:16:14.374 [main] DEBUG nextflow.script.ProcessConfig - Config settings `withName:SNIPPY_CLEAN` matches process CGPHYLOGENY:SNIPPY_CLEAN
Dec-12 02:16:14.375 [main] DEBUG nextflow.executor.ExecutorFactory - << taskConfig executor: null
Dec-12 02:16:14.376 [main] DEBUG nextflow.executor.ExecutorFactory - >> processorType: 'local'
Dec-12 02:16:14.392 [main] DEBUG nextflow.script.ProcessConfig - Config settings `withName:GUBBINS` matches process CGPHYLOGENY:GUBBINS
Dec-12 02:16:14.393 [main] DEBUG nextflow.executor.ExecutorFactory - << taskConfig executor: null
Dec-12 02:16:14.393 [main] DEBUG nextflow.executor.ExecutorFactory - >> processorType: 'local'
Dec-12 02:16:14.398 [main] DEBUG nextflow.script.ProcessConfig - Config settings `withName:SNP_SITES` matches process CGPHYLOGENY:SNP_SITES
Dec-12 02:16:14.400 [main] DEBUG nextflow.executor.ExecutorFactory - << taskConfig executor: null
Dec-12 02:16:14.400 [main] DEBUG nextflow.executor.ExecutorFactory - >> processorType: 'local'
Dec-12 02:16:14.406 [main] DEBUG nextflow.script.ProcessConfig - Config settings `withName:FASTTREE` matches process CGPHYLOGENY:FASTTREE
Dec-12 02:16:14.407 [main] DEBUG nextflow.executor.ExecutorFactory - << taskConfig executor: null
Dec-12 02:16:14.408 [main] DEBUG nextflow.executor.ExecutorFactory - >> processorType: 'local'
Dec-12 02:16:14.412 [main] DEBUG nextflow.script.ProcessConfig - Config settings `withName:GGTREE` matches process CGPHYLOGENY:GGTREE
Dec-12 02:16:14.413 [main] DEBUG nextflow.executor.ExecutorFactory - << taskConfig executor: null
Dec-12 02:16:14.413 [main] DEBUG nextflow.executor.ExecutorFactory - >> processorType: 'local'
Dec-12 02:16:14.421 [main] DEBUG nextflow.Session - Workflow process names [dsl2]: CGPHYLOGENY:SNIPPY_CORE, SNIPPY_CLEAN, GGTREE, GUBBINS, SNIPPY_CORE, FASTTREE, CGPHYLOGENY:GGTREE, SNP_SITES, CGPHYLOGENY:FASTTREE, CGPHYLOGENY:SNIPPY_RUN, CGPHYLOGENY:GUBBINS, CGPHYLOGENY:SNIPPY_CLEAN, CGPHYLOGENY:SNP_SITES, SNIPPY_RUN
Dec-12 02:16:14.423 [main] DEBUG nextflow.Session - Igniting dataflow network (9)
Dec-12 02:16:14.431 [main] DEBUG nextflow.processor.TaskProcessor - Starting process > CGPHYLOGENY:SNIPPY_RUN
Dec-12 02:16:14.432 [PathVisitor-1] DEBUG nextflow.file.PathVisitor - files for syntax: glob; folder: data/; pattern: *.fasta; options: [:]
Dec-12 02:16:14.433 [main] DEBUG nextflow.processor.TaskProcessor - Starting process > CGPHYLOGENY:SNIPPY_CORE
Dec-12 02:16:14.434 [main] DEBUG nextflow.processor.TaskProcessor - Starting process > CGPHYLOGENY:SNIPPY_CLEAN
Dec-12 02:16:14.435 [main] DEBUG nextflow.processor.TaskProcessor - Starting process > CGPHYLOGENY:GUBBINS
Dec-12 02:16:14.435 [main] DEBUG nextflow.processor.TaskProcessor - Starting process > CGPHYLOGENY:SNP_SITES
Dec-12 02:16:14.436 [main] DEBUG nextflow.processor.TaskProcessor - Starting process > CGPHYLOGENY:FASTTREE
Dec-12 02:16:14.437 [main] DEBUG nextflow.processor.TaskProcessor - Starting process > CGPHYLOGENY:GGTREE
Dec-12 02:16:14.438 [main] DEBUG nextflow.script.ScriptRunner - > Awaiting termination 
Dec-12 02:16:14.449 [main] DEBUG nextflow.Session - Session await
Dec-12 02:16:14.714 [Actor Thread 16] DEBUG nextflow.container.SingularityCache - Singularity found local store for image=https://depot.galaxyproject.org/singularity/snippy:4.6.0--hdfd78af_2; path=/mnt/cidgoh-object-storage/images/depot.galaxyproject.org-singularity-snippy-4.6.0--hdfd78af_2.img
Dec-12 02:16:14.931 [Task submitter] DEBUG n.executor.local.LocalTaskHandler - Launch cmd line: /bin/bash -ue .command.run
Dec-12 02:16:14.934 [Task submitter] INFO  nextflow.Session - [b6/eeac37] Submitted process > CGPHYLOGENY:SNIPPY_RUN (barcode06)
Dec-12 02:16:14.944 [Task submitter] DEBUG n.executor.local.LocalTaskHandler - Launch cmd line: /bin/bash -ue .command.run
Dec-12 02:16:14.944 [Task submitter] INFO  nextflow.Session - [74/ebe113] Submitted process > CGPHYLOGENY:SNIPPY_RUN (barcode10)
Dec-12 02:16:14.969 [Task submitter] DEBUG n.executor.local.LocalTaskHandler - Launch cmd line: /bin/bash -ue .command.run
Dec-12 02:16:14.970 [Task submitter] INFO  nextflow.Session - [30/434f91] Submitted process > CGPHYLOGENY:SNIPPY_RUN (barcode01)
Dec-12 02:16:14.975 [Task submitter] DEBUG n.executor.local.LocalTaskHandler - Launch cmd line: /bin/bash -ue .command.run
Dec-12 02:16:14.975 [Task submitter] INFO  nextflow.Session - [e9/d0432d] Submitted process > CGPHYLOGENY:SNIPPY_RUN (barcode04)
Dec-12 02:16:14.982 [Task submitter] DEBUG n.executor.local.LocalTaskHandler - Launch cmd line: /bin/bash -ue .command.run
Dec-12 02:16:14.983 [Task submitter] INFO  nextflow.Session - [00/cffba8] Submitted process > CGPHYLOGENY:SNIPPY_RUN (barcode07)
Dec-12 02:16:14.988 [Task submitter] DEBUG n.executor.local.LocalTaskHandler - Launch cmd line: /bin/bash -ue .command.run
Dec-12 02:16:14.989 [Task submitter] INFO  nextflow.Session - [77/342138] Submitted process > CGPHYLOGENY:SNIPPY_RUN (barcode02)
Dec-12 02:16:14.993 [Task submitter] DEBUG n.executor.local.LocalTaskHandler - Launch cmd line: /bin/bash -ue .command.run
Dec-12 02:16:14.994 [Task submitter] INFO  nextflow.Session - [8c/6fdc07] Submitted process > CGPHYLOGENY:SNIPPY_RUN (barcode03)
Dec-12 02:16:15.000 [Task submitter] DEBUG n.executor.local.LocalTaskHandler - Launch cmd line: /bin/bash -ue .command.run
Dec-12 02:16:15.000 [Task submitter] INFO  nextflow.Session - [1c/42bfe7] Submitted process > CGPHYLOGENY:SNIPPY_RUN (barcode05)
Dec-12 02:16:15.005 [Task submitter] DEBUG n.executor.local.LocalTaskHandler - Launch cmd line: /bin/bash -ue .command.run
Dec-12 02:16:15.005 [Task submitter] INFO  nextflow.Session - [a8/a5081f] Submitted process > CGPHYLOGENY:SNIPPY_RUN (barcode08)
Dec-12 02:16:15.009 [Task submitter] DEBUG n.executor.local.LocalTaskHandler - Launch cmd line: /bin/bash -ue .command.run
Dec-12 02:16:15.010 [Task submitter] INFO  nextflow.Session - [5b/426345] Submitted process > CGPHYLOGENY:SNIPPY_RUN (barcode09)
Dec-12 02:17:36.375 [Task monitor] DEBUG n.processor.TaskPollingMonitor - Task completed > TaskHandler[id: 8; name: CGPHYLOGENY:SNIPPY_RUN (barcode06); status: COMPLETED; exit: 0; error: -; workDir: /opt/share/nextflow_workdir/jupyter-myee/b6/eeac372531c9a26ede21461d444ac2]
Dec-12 02:17:36.393 [Task monitor] DEBUG nextflow.util.ThreadPoolBuilder - Creating thread pool 'PublishDir' minSize=10; maxSize=48; workQueue=LinkedBlockingQueue[10000]; allowCoreThreadTimeout=false
Dec-12 02:17:36.408 [Task monitor] DEBUG n.processor.TaskPollingMonitor - Task completed > TaskHandler[id: 4; name: CGPHYLOGENY:SNIPPY_RUN (barcode02); status: COMPLETED; exit: 0; error: -; workDir: /opt/share/nextflow_workdir/jupyter-myee/77/3421388df6a54f8d7a065069ec7a8a]
Dec-12 02:17:36.427 [Task monitor] DEBUG n.processor.TaskPollingMonitor - Task completed > TaskHandler[id: 7; name: CGPHYLOGENY:SNIPPY_RUN (barcode03); status: COMPLETED; exit: 0; error: -; workDir: /opt/share/nextflow_workdir/jupyter-myee/8c/6fdc077f902ff1e701f08730f06524]
Dec-12 02:17:36.447 [Task monitor] DEBUG n.processor.TaskPollingMonitor - Task completed > TaskHandler[id: 1; name: CGPHYLOGENY:SNIPPY_RUN (barcode05); status: COMPLETED; exit: 0; error: -; workDir: /opt/share/nextflow_workdir/jupyter-myee/1c/42bfe761ce43030bbe969bbabda7a1]
Dec-12 02:17:36.459 [Task monitor] DEBUG n.processor.TaskPollingMonitor - Task completed > TaskHandler[id: 3; name: CGPHYLOGENY:SNIPPY_RUN (barcode09); status: COMPLETED; exit: 0; error: -; workDir: /opt/share/nextflow_workdir/jupyter-myee/5b/426345e95d4aaefd5919733ad39f89]
Dec-12 02:17:40.478 [Task monitor] DEBUG n.processor.TaskPollingMonitor - Task completed > TaskHandler[id: 10; name: CGPHYLOGENY:SNIPPY_RUN (barcode01); status: COMPLETED; exit: 0; error: -; workDir: /opt/share/nextflow_workdir/jupyter-myee/30/434f916013407888aae2ffb8aabc65]
Dec-12 02:17:40.488 [Task monitor] DEBUG n.processor.TaskPollingMonitor - Task completed > TaskHandler[id: 2; name: CGPHYLOGENY:SNIPPY_RUN (barcode04); status: COMPLETED; exit: 0; error: -; workDir: /opt/share/nextflow_workdir/jupyter-myee/e9/d0432d90ddba4589601b0086fa89a4]
Dec-12 02:17:40.492 [Task monitor] DEBUG n.processor.TaskPollingMonitor - Task completed > TaskHandler[id: 5; name: CGPHYLOGENY:SNIPPY_RUN (barcode07); status: COMPLETED; exit: 0; error: -; workDir: /opt/share/nextflow_workdir/jupyter-myee/00/cffba880dbc519b0ae93011da84dba]
Dec-12 02:17:40.496 [Task monitor] DEBUG n.processor.TaskPollingMonitor - Task completed > TaskHandler[id: 6; name: CGPHYLOGENY:SNIPPY_RUN (barcode08); status: COMPLETED; exit: 0; error: -; workDir: /opt/share/nextflow_workdir/jupyter-myee/a8/a5081f3f93371f2d11b3e3474e910b]
Dec-12 02:17:40.575 [Task monitor] DEBUG n.processor.TaskPollingMonitor - Task completed > TaskHandler[id: 9; name: CGPHYLOGENY:SNIPPY_RUN (barcode10); status: COMPLETED; exit: 0; error: -; workDir: /opt/share/nextflow_workdir/jupyter-myee/74/ebe113a71822921c73bdbe5da141f4]
Dec-12 02:17:40.606 [Task submitter] DEBUG n.executor.local.LocalTaskHandler - Launch cmd line: /bin/bash -ue .command.run
Dec-12 02:17:40.607 [Task submitter] INFO  nextflow.Session - [e4/9218b8] Submitted process > CGPHYLOGENY:SNIPPY_CORE
Dec-12 02:17:50.399 [Task monitor] DEBUG n.processor.TaskPollingMonitor - Task completed > TaskHandler[id: 11; name: CGPHYLOGENY:SNIPPY_CORE; status: COMPLETED; exit: 0; error: -; workDir: /opt/share/nextflow_workdir/jupyter-myee/e4/9218b85d8eb1daa5a7b8c9745f77aa]
Dec-12 02:17:50.427 [Task submitter] DEBUG n.executor.local.LocalTaskHandler - Launch cmd line: /bin/bash -ue .command.run
Dec-12 02:17:50.428 [Task submitter] INFO  nextflow.Session - [7e/b1f184] Submitted process > CGPHYLOGENY:SNIPPY_CLEAN
Dec-12 02:17:57.166 [Task monitor] DEBUG n.processor.TaskPollingMonitor - Task completed > TaskHandler[id: 12; name: CGPHYLOGENY:SNIPPY_CLEAN; status: COMPLETED; exit: 0; error: -; workDir: /opt/share/nextflow_workdir/jupyter-myee/7e/b1f184f9b1feb2806de340f285f65f]
Dec-12 02:17:57.178 [Actor Thread 4] DEBUG nextflow.container.SingularityCache - Singularity found local store for image=https://depot.galaxyproject.org/singularity/gubbins:3.0.0--py39h5bf99c6_0; path=/mnt/cidgoh-object-storage/images/depot.galaxyproject.org-singularity-gubbins-3.0.0--py39h5bf99c6_0.img
Dec-12 02:17:57.189 [Task submitter] DEBUG n.executor.local.LocalTaskHandler - Launch cmd line: /bin/bash -ue .command.run
Dec-12 02:17:57.190 [Task submitter] INFO  nextflow.Session - [27/df3c51] Submitted process > CGPHYLOGENY:GUBBINS
Dec-12 02:21:14.398 [Task monitor] DEBUG n.processor.TaskPollingMonitor - !! executor local > tasks to be completed: 1 -- submitted tasks are shown below
~> TaskHandler[id: 13; name: CGPHYLOGENY:GUBBINS; status: RUNNING; exit: -; error: -; workDir: /opt/share/nextflow_workdir/jupyter-myee/27/df3c51ecd8e16a70856fd30433ae54]
Dec-12 02:22:48.464 [Task monitor] DEBUG n.processor.TaskPollingMonitor - Task completed > TaskHandler[id: 13; name: CGPHYLOGENY:GUBBINS; status: COMPLETED; exit: 0; error: -; workDir: /opt/share/nextflow_workdir/jupyter-myee/27/df3c51ecd8e16a70856fd30433ae54]
Dec-12 02:22:48.508 [Task submitter] DEBUG n.executor.local.LocalTaskHandler - Launch cmd line: /bin/bash -ue .command.run
Dec-12 02:22:48.508 [Task submitter] INFO  nextflow.Session - [7b/50b37c] Submitted process > CGPHYLOGENY:SNP_SITES
Dec-12 02:22:50.510 [Task monitor] DEBUG n.processor.TaskPollingMonitor - Task completed > TaskHandler[id: 14; name: CGPHYLOGENY:SNP_SITES; status: COMPLETED; exit: 0; error: -; workDir: /opt/share/nextflow_workdir/jupyter-myee/7b/50b37c78741c7fe2eea5c3bcc39c4b]
Dec-12 02:22:50.521 [Actor Thread 4] DEBUG nextflow.container.SingularityCache - Singularity found local store for image=https://depot.galaxyproject.org/singularity/fasttree:2.1.10--h516909a_4; path=/mnt/cidgoh-object-storage/images/depot.galaxyproject.org-singularity-fasttree-2.1.10--h516909a_4.img
Dec-12 02:22:50.532 [Task submitter] DEBUG n.executor.local.LocalTaskHandler - Launch cmd line: /bin/bash -ue .command.run
Dec-12 02:22:50.533 [Task submitter] INFO  nextflow.Session - [03/3bfd71] Submitted process > CGPHYLOGENY:FASTTREE
Dec-12 02:22:56.674 [Task monitor] DEBUG n.processor.TaskPollingMonitor - Task completed > TaskHandler[id: 15; name: CGPHYLOGENY:FASTTREE; status: COMPLETED; exit: 0; error: -; workDir: /opt/share/nextflow_workdir/jupyter-myee/03/3bfd71da98f769dfdb726c4d4316d5]
Dec-12 02:22:56.694 [Actor Thread 14] DEBUG nextflow.container.SingularityCache - Singularity found local store for image=https://depot.galaxyproject.org/singularity/bioconductor-ggtree%3A3.8.0--r43hdfd78af_0; path=/mnt/cidgoh-object-storage/images/depot.galaxyproject.org-singularity-bioconductor-ggtree%3A3.8.0--r43hdfd78af_0.img
Dec-12 02:22:56.713 [Task submitter] DEBUG n.executor.local.LocalTaskHandler - Launch cmd line: /bin/bash -ue .command.run
Dec-12 02:22:56.713 [Task submitter] INFO  nextflow.Session - [8b/530bf1] Submitted process > CGPHYLOGENY:GGTREE (1)
Dec-12 02:23:02.901 [Task monitor] DEBUG n.processor.TaskPollingMonitor - Task completed > TaskHandler[id: 16; name: CGPHYLOGENY:GGTREE (1); status: COMPLETED; exit: 0; error: -; workDir: /opt/share/nextflow_workdir/jupyter-myee/8b/530bf1438ded7ef353559b332fcc33]
Dec-12 02:23:02.920 [main] DEBUG nextflow.Session - Session await > all processes finished
Dec-12 02:23:03.003 [main] DEBUG nextflow.Session - Session await > all barriers passed
Dec-12 02:23:03.017 [main] DEBUG nextflow.util.ThreadPoolManager - Thread pool 'PublishDir' shutdown completed (hard=false)
Dec-12 02:23:03.032 [main] DEBUG nextflow.trace.WorkflowStatsObserver - Workflow completed > WorkflowStats[succeededCount=16; failedCount=0; ignoredCount=0; cachedCount=0; pendingCount=0; submittedCount=0; runningCount=0; retriesCount=0; abortedCount=0; succeedDuration=19m 16s; failedDuration=0ms; cachedDuration=0ms;loadCpus=0; loadMemory=0; peakRunning=10; peakCpus=10; peakMemory=0; ]
Dec-12 02:23:03.142 [main] DEBUG nextflow.cache.CacheDB - Closing CacheDB done
Dec-12 02:23:03.165 [main] DEBUG nextflow.util.ThreadPoolManager - Thread pool 'FileTransfer' shutdown completed (hard=false)
Dec-12 02:23:03.166 [main] DEBUG nextflow.script.ScriptRunner - > Execution complete -- Goodbye
