### echo snippy 4.6.0
### cd /opt/share/nextflow_workdir/jupyter-myee/89/fcacceb0d352fba4b97c334ff5608c

### /usr/local/bin/snippy --cpus 1 --outdir sample03 --reference reference.fna --prefix sample03 --ctgs sample03.fasta --force

### samtools faidx reference/ref.fa


### bwa index reference/ref.fa

[bwa_index] Pack FASTA... 0.04 sec
[bwa_index] Construct BWT for the packed sequence...
[bwa_index] 0.64 seconds elapse.
[bwa_index] Update BWT... 0.02 sec
[bwa_index] Pack forward-only FASTA... 0.02 sec
[bwa_index] Construct SA from BWT and Occ... 0.21 sec
[main] Version: 0.7.17-r1188
[main] CMD: bwa index reference/ref.fa
[main] Real time: 7.108 sec; CPU: 0.926 sec

### mkdir -p reference/genomes && cp -f reference/ref.fa reference/genomes/ref.fa


### ln -sf reference/ref.fa .


### ln -sf reference/ref.fa.fai .


### mkdir -p reference/ref && gzip -c reference/ref.gff > reference/ref/genes.gff.gz


### bwa mem  -Y -M -R '@RG\tID:sample03\tSM:sample03' -t 1 reference/ref.fa fake_reads.fq | samclip --max 10 --ref reference/ref.fa.fai | samtools sort -n -l 0 -T /tmp --threads 0 -m 8000M | samtools fixmate -m --threads 0 - - | samtools sort -l 0 -T /tmp --threads 0 -m 8000M | samtools markdup -T /tmp --threads 0 -r -s - - > sample03.bam

[markdup] warning: unable to calculate estimated library size. Read pairs 0 should be greater than duplicate pairs 0, which should both be non zero.
COMMAND: samtools markdup -T /tmp --threads 0 -r -s - -
READ: 154417
WRITTEN: 154003
EXCLUDED: 37061
EXAMINED: 117356
PAIRED: 0
SINGLE: 117356
DUPLICATE PAIR: 0
DUPLICATE SINGLE: 414
DUPLICATE PAIR OPTICAL: 0
DUPLICATE SINGLE OPTICAL: 0
DUPLICATE NON PRIMARY: 0
DUPLICATE NON PRIMARY OPTICAL: 0
DUPLICATE PRIMARY TOTAL: 414
DUPLICATE TOTAL: 414
ESTIMATED_LIBRARY_SIZE: 0

### samtools index sample03.bam


### fasta_generate_regions.py reference/ref.fa.fai 2100034 > reference/ref.txt


### freebayes-parallel reference/ref.txt 1 -p 2 -P 0 -C 2 -F 0.05 --min-coverage 10 --min-repeat-entropy 1.0 -q 13 -m 60 --strict-vcf   -f reference/ref.fa sample03.bam > sample03.raw.vcf


### bcftools view --include 'FMT/GT="1/1" && QUAL>=100 && FMT/DP>=10 && (FMT/AO)/(FMT/DP)>=0' sample03.raw.vcf  | vt normalize -r reference/ref.fa - | bcftools annotate --remove '^INFO/TYPE,^INFO/DP,^INFO/RO,^INFO/AO,^INFO/AB,^FORMAT/GT,^FORMAT/DP,^FORMAT/RO,^FORMAT/AO,^FORMAT/QR,^FORMAT/QA,^FORMAT/GL' > sample03.filt.vcf


### cp sample03.filt.vcf sample03.vcf


### /usr/local/bin/snippy-vcf_to_tab --gff reference/ref.gff --ref reference/ref.fa --vcf sample03.vcf > sample03.tab

Loading reference: reference/ref.fa
Loaded 1 sequences.
Loading features: reference/ref.gff
Parsing variants: sample03.vcf
Converted 28076 SNPs to TAB format.

### /usr/local/bin/snippy-vcf_extract_subs sample03.filt.vcf > sample03.subs.vcf


### bcftools convert -Oz -o sample03.vcf.gz sample03.vcf


### bcftools index -f sample03.vcf.gz


### bcftools consensus --sample sample03 -f reference/ref.fa -o sample03.consensus.fa sample03.vcf.gz

Applied 28076 variants

### bcftools convert -Oz -o sample03.subs.vcf.gz sample03.subs.vcf


### bcftools index -f sample03.subs.vcf.gz


### bcftools consensus --sample sample03 -f reference/ref.fa -o sample03.consensus.subs.fa sample03.subs.vcf.gz

Applied 34706 variants

### rm -f sample03.subs.vcf.gz sample03.subs.vcf.gz.csi sample03.subs.vcf.gz.tbi


### rm -f fake_reads\.fq

