### echo snippy 4.6.0
### cd /opt/share/nextflow_workdir/jupyter-myee/30/434f916013407888aae2ffb8aabc65

### /usr/local/bin/snippy --cpus 1 --outdir barcode01 --reference reference.fna --prefix barcode01 --ctgs barcode01.fasta --force

### samtools faidx reference/ref.fa


### bwa index reference/ref.fa

[bwa_index] Pack FASTA... 0.02 sec
[bwa_index] Construct BWT for the packed sequence...
[bwa_index] 0.57 seconds elapse.
[bwa_index] Update BWT... 0.02 sec
[bwa_index] Pack forward-only FASTA... 0.02 sec
[bwa_index] Construct SA from BWT and Occ... 0.21 sec
[main] Version: 0.7.17-r1188
[main] CMD: bwa index reference/ref.fa
[main] Real time: 3.028 sec; CPU: 0.843 sec

### mkdir -p reference/genomes && cp -f reference/ref.fa reference/genomes/ref.fa


### ln -sf reference/ref.fa .


### ln -sf reference/ref.fa.fai .


### mkdir -p reference/ref && gzip -c reference/ref.gff > reference/ref/genes.gff.gz


### bwa mem  -Y -M -R '@RG\tID:barcode01\tSM:barcode01' -t 1 reference/ref.fa fake_reads.fq | samclip --max 10 --ref reference/ref.fa.fai | samtools sort -n -l 0 -T /tmp --threads 0 -m 8000M | samtools fixmate -m --threads 0 - - | samtools sort -l 0 -T /tmp --threads 0 -m 8000M | samtools markdup -T /tmp --threads 0 -r -s - - > barcode01.bam

[markdup] warning: unable to calculate estimated library size. Read pairs 0 should be greater than duplicate pairs 0, which should both be non zero.
COMMAND: samtools markdup -T /tmp --threads 0 -r -s - -
READ: 173102
WRITTEN: 171694
EXCLUDED: 48050
EXAMINED: 125052
PAIRED: 0
SINGLE: 125052
DUPLICATE PAIR: 0
DUPLICATE SINGLE: 1408
DUPLICATE PAIR OPTICAL: 0
DUPLICATE SINGLE OPTICAL: 0
DUPLICATE NON PRIMARY: 0
DUPLICATE NON PRIMARY OPTICAL: 0
DUPLICATE PRIMARY TOTAL: 1408
DUPLICATE TOTAL: 1408
ESTIMATED_LIBRARY_SIZE: 0

### samtools index barcode01.bam


### fasta_generate_regions.py reference/ref.fa.fai 2100034 > reference/ref.txt


### freebayes-parallel reference/ref.txt 1 -p 2 -P 0 -C 2 -F 0.05 --min-coverage 10 --min-repeat-entropy 1.0 -q 13 -m 60 --strict-vcf   -f reference/ref.fa barcode01.bam > barcode01.raw.vcf


### bcftools view --include 'FMT/GT="1/1" && QUAL>=100 && FMT/DP>=10 && (FMT/AO)/(FMT/DP)>=0' barcode01.raw.vcf  | vt normalize -r reference/ref.fa - | bcftools annotate --remove '^INFO/TYPE,^INFO/DP,^INFO/RO,^INFO/AO,^INFO/AB,^FORMAT/GT,^FORMAT/DP,^FORMAT/RO,^FORMAT/AO,^FORMAT/QR,^FORMAT/QA,^FORMAT/GL' > barcode01.filt.vcf


### cp barcode01.filt.vcf barcode01.vcf


### /usr/local/bin/snippy-vcf_to_tab --gff reference/ref.gff --ref reference/ref.fa --vcf barcode01.vcf > barcode01.tab

Loading reference: reference/ref.fa
Loaded 1 sequences.
Loading features: reference/ref.gff
Parsing variants: barcode01.vcf
Converted 28759 SNPs to TAB format.

### /usr/local/bin/snippy-vcf_extract_subs barcode01.filt.vcf > barcode01.subs.vcf


### bcftools convert -Oz -o barcode01.vcf.gz barcode01.vcf


### bcftools index -f barcode01.vcf.gz


### bcftools consensus --sample barcode01 -f reference/ref.fa -o barcode01.consensus.fa barcode01.vcf.gz

Applied 28759 variants

### bcftools convert -Oz -o barcode01.subs.vcf.gz barcode01.subs.vcf


### bcftools index -f barcode01.subs.vcf.gz


### bcftools consensus --sample barcode01 -f reference/ref.fa -o barcode01.consensus.subs.fa barcode01.subs.vcf.gz

Applied 35643 variants

### rm -f barcode01.subs.vcf.gz barcode01.subs.vcf.gz.csi barcode01.subs.vcf.gz.tbi


### rm -f fake_reads\.fq

