### echo snippy 4.6.0
### cd /scratch/group_share/nextflow_workdir/myee/72/058e02dd9c8e37489a5243ae256662

### /usr/local/bin/snippy --cpus 1 --outdir sample5 --reference reference.fna --prefix sample5 --ctgs sample5.fna --force

### samtools faidx reference/ref.fa


### bwa index reference/ref.fa

[bwa_index] Pack FASTA... 0.02 sec
[bwa_index] Construct BWT for the packed sequence...
[bwa_index] 0.53 seconds elapse.
[bwa_index] Update BWT... 0.02 sec
[bwa_index] Pack forward-only FASTA... 0.01 sec
[bwa_index] Construct SA from BWT and Occ... 0.31 sec
[main] Version: 0.7.17-r1188
[main] CMD: bwa index reference/ref.fa
[main] Real time: 0.974 sec; CPU: 0.892 sec

### mkdir -p reference/genomes && cp -f reference/ref.fa reference/genomes/ref.fa


### ln -sf reference/ref.fa .


### ln -sf reference/ref.fa.fai .


### mkdir -p reference/ref && gzip -c reference/ref.gff > reference/ref/genes.gff.gz


### bwa mem  -Y -M -R '@RG\tID:sample5\tSM:sample5' -t 1 reference/ref.fa fake_reads.fq | samclip --max 10 --ref reference/ref.fa.fai | samtools sort -n -l 0 -T /tmp --threads 0 -m 8000M | samtools fixmate -m --threads 0 - - | samtools sort -l 0 -T /tmp --threads 0 -m 8000M | samtools markdup -T /tmp --threads 0 -r -s - - > sample5.bam

[markdup] warning: unable to calculate estimated library size. Read pairs 0 should be greater than duplicate pairs 0, which should both be non zero.
COMMAND: samtools markdup -T /tmp --threads 0 -r -s - -
READ: 231214
WRITTEN: 230366
EXCLUDED: 7001
EXAMINED: 224213
PAIRED: 0
SINGLE: 224213
DUPLICATE PAIR: 0
DUPLICATE SINGLE: 848
DUPLICATE PAIR OPTICAL: 0
DUPLICATE SINGLE OPTICAL: 0
DUPLICATE NON PRIMARY: 0
DUPLICATE NON PRIMARY OPTICAL: 0
DUPLICATE PRIMARY TOTAL: 848
DUPLICATE TOTAL: 848
ESTIMATED_LIBRARY_SIZE: 0

### samtools index sample5.bam


### fasta_generate_regions.py reference/ref.fa.fai 3013319 > reference/ref.txt


### freebayes-parallel reference/ref.txt 1 -p 2 -P 0 -C 2 -F 0.05 --min-coverage 10 --min-repeat-entropy 1.0 -q 13 -m 60 --strict-vcf   -f reference/ref.fa sample5.bam > sample5.raw.vcf


### bcftools view --include 'FMT/GT="1/1" && QUAL>=100 && FMT/DP>=10 && (FMT/AO)/(FMT/DP)>=0' sample5.raw.vcf  | vt normalize -r reference/ref.fa - | bcftools annotate --remove '^INFO/TYPE,^INFO/DP,^INFO/RO,^INFO/AO,^INFO/AB,^FORMAT/GT,^FORMAT/DP,^FORMAT/RO,^FORMAT/AO,^FORMAT/QR,^FORMAT/QA,^FORMAT/GL' > sample5.filt.vcf


### cp sample5.filt.vcf sample5.vcf


### /usr/local/bin/snippy-vcf_to_tab --gff reference/ref.gff --ref reference/ref.fa --vcf sample5.vcf > sample5.tab

Loading reference: reference/ref.fa
Loaded 21 sequences.
Loading features: reference/ref.gff
Parsing variants: sample5.vcf
Converted 7671 SNPs to TAB format.

### /usr/local/bin/snippy-vcf_extract_subs sample5.filt.vcf > sample5.subs.vcf


### bcftools convert -Oz -o sample5.vcf.gz sample5.vcf


### bcftools index -f sample5.vcf.gz


### bcftools consensus --sample sample5 -f reference/ref.fa -o sample5.consensus.fa sample5.vcf.gz

Applied 7671 variants

### bcftools convert -Oz -o sample5.subs.vcf.gz sample5.subs.vcf


### bcftools index -f sample5.subs.vcf.gz


### bcftools consensus --sample sample5 -f reference/ref.fa -o sample5.consensus.subs.fa sample5.subs.vcf.gz

Applied 8851 variants

### rm -f sample5.subs.vcf.gz sample5.subs.vcf.gz.csi sample5.subs.vcf.gz.tbi


### rm -f fake_reads\.fq

