### echo snippy 4.6.0
### cd /opt/share/nextflow_workdir/jupyter-myee/a8/a5081f3f93371f2d11b3e3474e910b

### /usr/local/bin/snippy --cpus 1 --outdir barcode08 --reference reference.fna --prefix barcode08 --ctgs barcode08.fasta --force

### samtools faidx reference/ref.fa


### bwa index reference/ref.fa

[bwa_index] Pack FASTA... 0.02 sec
[bwa_index] Construct BWT for the packed sequence...
[bwa_index] 0.59 seconds elapse.
[bwa_index] Update BWT... 0.02 sec
[bwa_index] Pack forward-only FASTA... 0.02 sec
[bwa_index] Construct SA from BWT and Occ... 0.21 sec
[main] Version: 0.7.17-r1188
[main] CMD: bwa index reference/ref.fa
[main] Real time: 3.032 sec; CPU: 0.864 sec

### mkdir -p reference/genomes && cp -f reference/ref.fa reference/genomes/ref.fa


### ln -sf reference/ref.fa .


### ln -sf reference/ref.fa.fai .


### mkdir -p reference/ref && gzip -c reference/ref.gff > reference/ref/genes.gff.gz


### bwa mem  -Y -M -R '@RG\tID:barcode08\tSM:barcode08' -t 1 reference/ref.fa fake_reads.fq | samclip --max 10 --ref reference/ref.fa.fai | samtools sort -n -l 0 -T /tmp --threads 0 -m 8000M | samtools fixmate -m --threads 0 - - | samtools sort -l 0 -T /tmp --threads 0 -m 8000M | samtools markdup -T /tmp --threads 0 -r -s - - > barcode08.bam

[markdup] warning: unable to calculate estimated library size. Read pairs 0 should be greater than duplicate pairs 0, which should both be non zero.
COMMAND: samtools markdup -T /tmp --threads 0 -r -s - -
READ: 177575
WRITTEN: 176963
EXCLUDED: 57168
EXAMINED: 120407
PAIRED: 0
SINGLE: 120407
DUPLICATE PAIR: 0
DUPLICATE SINGLE: 612
DUPLICATE PAIR OPTICAL: 0
DUPLICATE SINGLE OPTICAL: 0
DUPLICATE NON PRIMARY: 0
DUPLICATE NON PRIMARY OPTICAL: 0
DUPLICATE PRIMARY TOTAL: 612
DUPLICATE TOTAL: 612
ESTIMATED_LIBRARY_SIZE: 0

### samtools index barcode08.bam


### fasta_generate_regions.py reference/ref.fa.fai 2100034 > reference/ref.txt


### freebayes-parallel reference/ref.txt 1 -p 2 -P 0 -C 2 -F 0.05 --min-coverage 10 --min-repeat-entropy 1.0 -q 13 -m 60 --strict-vcf   -f reference/ref.fa barcode08.bam > barcode08.raw.vcf


### bcftools view --include 'FMT/GT="1/1" && QUAL>=100 && FMT/DP>=10 && (FMT/AO)/(FMT/DP)>=0' barcode08.raw.vcf  | vt normalize -r reference/ref.fa - | bcftools annotate --remove '^INFO/TYPE,^INFO/DP,^INFO/RO,^INFO/AO,^INFO/AB,^FORMAT/GT,^FORMAT/DP,^FORMAT/RO,^FORMAT/AO,^FORMAT/QR,^FORMAT/QA,^FORMAT/GL' > barcode08.filt.vcf


### cp barcode08.filt.vcf barcode08.vcf


### /usr/local/bin/snippy-vcf_to_tab --gff reference/ref.gff --ref reference/ref.fa --vcf barcode08.vcf > barcode08.tab

Loading reference: reference/ref.fa
Loaded 1 sequences.
Loading features: reference/ref.gff
Parsing variants: barcode08.vcf
Converted 28402 SNPs to TAB format.

### /usr/local/bin/snippy-vcf_extract_subs barcode08.filt.vcf > barcode08.subs.vcf


### bcftools convert -Oz -o barcode08.vcf.gz barcode08.vcf


### bcftools index -f barcode08.vcf.gz


### bcftools consensus --sample barcode08 -f reference/ref.fa -o barcode08.consensus.fa barcode08.vcf.gz

Applied 28402 variants

### bcftools convert -Oz -o barcode08.subs.vcf.gz barcode08.subs.vcf


### bcftools index -f barcode08.subs.vcf.gz


### bcftools consensus --sample barcode08 -f reference/ref.fa -o barcode08.consensus.subs.fa barcode08.subs.vcf.gz

Applied 35022 variants

### rm -f barcode08.subs.vcf.gz barcode08.subs.vcf.gz.csi barcode08.subs.vcf.gz.tbi


### rm -f fake_reads\.fq

