### echo snippy 4.6.0
### cd /opt/share/nextflow_workdir/jupyter-myee/1c/42bfe761ce43030bbe969bbabda7a1

### /usr/local/bin/snippy --cpus 1 --outdir barcode05 --reference reference.fna --prefix barcode05 --ctgs barcode05.fasta --force

### samtools faidx reference/ref.fa


### bwa index reference/ref.fa

[bwa_index] Pack FASTA... 0.02 sec
[bwa_index] Construct BWT for the packed sequence...
[bwa_index] 0.59 seconds elapse.
[bwa_index] Update BWT... 0.03 sec
[bwa_index] Pack forward-only FASTA... 0.02 sec
[bwa_index] Construct SA from BWT and Occ... 0.23 sec
[main] Version: 0.7.17-r1188
[main] CMD: bwa index reference/ref.fa
[main] Real time: 3.206 sec; CPU: 0.891 sec

### mkdir -p reference/genomes && cp -f reference/ref.fa reference/genomes/ref.fa


### ln -sf reference/ref.fa .


### ln -sf reference/ref.fa.fai .


### mkdir -p reference/ref && gzip -c reference/ref.gff > reference/ref/genes.gff.gz


### bwa mem  -Y -M -R '@RG\tID:barcode05\tSM:barcode05' -t 1 reference/ref.fa fake_reads.fq | samclip --max 10 --ref reference/ref.fa.fai | samtools sort -n -l 0 -T /tmp --threads 0 -m 8000M | samtools fixmate -m --threads 0 - - | samtools sort -l 0 -T /tmp --threads 0 -m 8000M | samtools markdup -T /tmp --threads 0 -r -s - - > barcode05.bam

[markdup] warning: unable to calculate estimated library size. Read pairs 0 should be greater than duplicate pairs 0, which should both be non zero.
COMMAND: samtools markdup -T /tmp --threads 0 -r -s - -
READ: 170777
WRITTEN: 170245
EXCLUDED: 53665
EXAMINED: 117112
PAIRED: 0
SINGLE: 117112
DUPLICATE PAIR: 0
DUPLICATE SINGLE: 532
DUPLICATE PAIR OPTICAL: 0
DUPLICATE SINGLE OPTICAL: 0
DUPLICATE NON PRIMARY: 0
DUPLICATE NON PRIMARY OPTICAL: 0
DUPLICATE PRIMARY TOTAL: 532
DUPLICATE TOTAL: 532
ESTIMATED_LIBRARY_SIZE: 0

### samtools index barcode05.bam


### fasta_generate_regions.py reference/ref.fa.fai 2100034 > reference/ref.txt


### freebayes-parallel reference/ref.txt 1 -p 2 -P 0 -C 2 -F 0.05 --min-coverage 10 --min-repeat-entropy 1.0 -q 13 -m 60 --strict-vcf   -f reference/ref.fa barcode05.bam > barcode05.raw.vcf


### bcftools view --include 'FMT/GT="1/1" && QUAL>=100 && FMT/DP>=10 && (FMT/AO)/(FMT/DP)>=0' barcode05.raw.vcf  | vt normalize -r reference/ref.fa - | bcftools annotate --remove '^INFO/TYPE,^INFO/DP,^INFO/RO,^INFO/AO,^INFO/AB,^FORMAT/GT,^FORMAT/DP,^FORMAT/RO,^FORMAT/AO,^FORMAT/QR,^FORMAT/QA,^FORMAT/GL' > barcode05.filt.vcf


### cp barcode05.filt.vcf barcode05.vcf


### /usr/local/bin/snippy-vcf_to_tab --gff reference/ref.gff --ref reference/ref.fa --vcf barcode05.vcf > barcode05.tab

Loading reference: reference/ref.fa
Loaded 1 sequences.
Loading features: reference/ref.gff
Parsing variants: barcode05.vcf
Converted 27961 SNPs to TAB format.

### /usr/local/bin/snippy-vcf_extract_subs barcode05.filt.vcf > barcode05.subs.vcf


### bcftools convert -Oz -o barcode05.vcf.gz barcode05.vcf


### bcftools index -f barcode05.vcf.gz


### bcftools consensus --sample barcode05 -f reference/ref.fa -o barcode05.consensus.fa barcode05.vcf.gz

Applied 27961 variants

### bcftools convert -Oz -o barcode05.subs.vcf.gz barcode05.subs.vcf


### bcftools index -f barcode05.subs.vcf.gz


### bcftools consensus --sample barcode05 -f reference/ref.fa -o barcode05.consensus.subs.fa barcode05.subs.vcf.gz

Applied 34277 variants

### rm -f barcode05.subs.vcf.gz barcode05.subs.vcf.gz.csi barcode05.subs.vcf.gz.tbi


### rm -f fake_reads\.fq

