### echo snippy 4.6.0
### cd /opt/share/nextflow_workdir/jupyter-myee/b6/eeac372531c9a26ede21461d444ac2

### /usr/local/bin/snippy --cpus 1 --outdir barcode06 --reference reference.fna --prefix barcode06 --ctgs barcode06.fasta --force

### samtools faidx reference/ref.fa


### bwa index reference/ref.fa

[bwa_index] Pack FASTA... 0.02 sec
[bwa_index] Construct BWT for the packed sequence...
[bwa_index] 0.56 seconds elapse.
[bwa_index] Update BWT... 0.02 sec
[bwa_index] Pack forward-only FASTA... 0.01 sec
[bwa_index] Construct SA from BWT and Occ... 0.21 sec
[main] Version: 0.7.17-r1188
[main] CMD: bwa index reference/ref.fa
[main] Real time: 3.172 sec; CPU: 0.824 sec

### mkdir -p reference/genomes && cp -f reference/ref.fa reference/genomes/ref.fa


### ln -sf reference/ref.fa .


### ln -sf reference/ref.fa.fai .


### mkdir -p reference/ref && gzip -c reference/ref.gff > reference/ref/genes.gff.gz


### bwa mem  -Y -M -R '@RG\tID:barcode06\tSM:barcode06' -t 1 reference/ref.fa fake_reads.fq | samclip --max 10 --ref reference/ref.fa.fai | samtools sort -n -l 0 -T /tmp --threads 0 -m 8000M | samtools fixmate -m --threads 0 - - | samtools sort -l 0 -T /tmp --threads 0 -m 8000M | samtools markdup -T /tmp --threads 0 -r -s - - > barcode06.bam

[markdup] warning: unable to calculate estimated library size. Read pairs 0 should be greater than duplicate pairs 0, which should both be non zero.
COMMAND: samtools markdup -T /tmp --threads 0 -r -s - -
READ: 152226
WRITTEN: 152099
EXCLUDED: 31138
EXAMINED: 121088
PAIRED: 0
SINGLE: 121088
DUPLICATE PAIR: 0
DUPLICATE SINGLE: 127
DUPLICATE PAIR OPTICAL: 0
DUPLICATE SINGLE OPTICAL: 0
DUPLICATE NON PRIMARY: 0
DUPLICATE NON PRIMARY OPTICAL: 0
DUPLICATE PRIMARY TOTAL: 127
DUPLICATE TOTAL: 127
ESTIMATED_LIBRARY_SIZE: 0

### samtools index barcode06.bam


### fasta_generate_regions.py reference/ref.fa.fai 2100034 > reference/ref.txt


### freebayes-parallel reference/ref.txt 1 -p 2 -P 0 -C 2 -F 0.05 --min-coverage 10 --min-repeat-entropy 1.0 -q 13 -m 60 --strict-vcf   -f reference/ref.fa barcode06.bam > barcode06.raw.vcf


### bcftools view --include 'FMT/GT="1/1" && QUAL>=100 && FMT/DP>=10 && (FMT/AO)/(FMT/DP)>=0' barcode06.raw.vcf  | vt normalize -r reference/ref.fa - | bcftools annotate --remove '^INFO/TYPE,^INFO/DP,^INFO/RO,^INFO/AO,^INFO/AB,^FORMAT/GT,^FORMAT/DP,^FORMAT/RO,^FORMAT/AO,^FORMAT/QR,^FORMAT/QA,^FORMAT/GL' > barcode06.filt.vcf


### cp barcode06.filt.vcf barcode06.vcf


### /usr/local/bin/snippy-vcf_to_tab --gff reference/ref.gff --ref reference/ref.fa --vcf barcode06.vcf > barcode06.tab

Loading reference: reference/ref.fa
Loaded 1 sequences.
Loading features: reference/ref.gff
Parsing variants: barcode06.vcf
Converted 29615 SNPs to TAB format.

### /usr/local/bin/snippy-vcf_extract_subs barcode06.filt.vcf > barcode06.subs.vcf


### bcftools convert -Oz -o barcode06.vcf.gz barcode06.vcf


### bcftools index -f barcode06.vcf.gz


### bcftools consensus --sample barcode06 -f reference/ref.fa -o barcode06.consensus.fa barcode06.vcf.gz

Applied 29615 variants

### bcftools convert -Oz -o barcode06.subs.vcf.gz barcode06.subs.vcf


### bcftools index -f barcode06.subs.vcf.gz


### bcftools consensus --sample barcode06 -f reference/ref.fa -o barcode06.consensus.subs.fa barcode06.subs.vcf.gz

Applied 36387 variants

### rm -f barcode06.subs.vcf.gz barcode06.subs.vcf.gz.csi barcode06.subs.vcf.gz.tbi


### rm -f fake_reads\.fq

