### echo snippy 4.6.0
### cd /opt/share/nextflow_workdir/jupyter-myee/74/ebe113a71822921c73bdbe5da141f4

### /usr/local/bin/snippy --cpus 1 --outdir barcode10 --reference reference.fna --prefix barcode10 --ctgs barcode10.fasta --force

### samtools faidx reference/ref.fa


### bwa index reference/ref.fa

[bwa_index] Pack FASTA... 0.03 sec
[bwa_index] Construct BWT for the packed sequence...
[bwa_index] 0.58 seconds elapse.
[bwa_index] Update BWT... 0.02 sec
[bwa_index] Pack forward-only FASTA... 0.02 sec
[bwa_index] Construct SA from BWT and Occ... 0.21 sec
[main] Version: 0.7.17-r1188
[main] CMD: bwa index reference/ref.fa
[main] Real time: 2.728 sec; CPU: 0.858 sec

### mkdir -p reference/genomes && cp -f reference/ref.fa reference/genomes/ref.fa


### ln -sf reference/ref.fa .


### ln -sf reference/ref.fa.fai .


### mkdir -p reference/ref && gzip -c reference/ref.gff > reference/ref/genes.gff.gz


### bwa mem  -Y -M -R '@RG\tID:barcode10\tSM:barcode10' -t 1 reference/ref.fa fake_reads.fq | samclip --max 10 --ref reference/ref.fa.fai | samtools sort -n -l 0 -T /tmp --threads 0 -m 8000M | samtools fixmate -m --threads 0 - - | samtools sort -l 0 -T /tmp --threads 0 -m 8000M | samtools markdup -T /tmp --threads 0 -r -s - - > barcode10.bam

[markdup] warning: unable to calculate estimated library size. Read pairs 0 should be greater than duplicate pairs 0, which should both be non zero.
COMMAND: samtools markdup -T /tmp --threads 0 -r -s - -
READ: 179261
WRITTEN: 178192
EXCLUDED: 58435
EXAMINED: 120826
PAIRED: 0
SINGLE: 120826
DUPLICATE PAIR: 0
DUPLICATE SINGLE: 1069
DUPLICATE PAIR OPTICAL: 0
DUPLICATE SINGLE OPTICAL: 0
DUPLICATE NON PRIMARY: 0
DUPLICATE NON PRIMARY OPTICAL: 0
DUPLICATE PRIMARY TOTAL: 1069
DUPLICATE TOTAL: 1069
ESTIMATED_LIBRARY_SIZE: 0

### samtools index barcode10.bam


### fasta_generate_regions.py reference/ref.fa.fai 2100034 > reference/ref.txt


### freebayes-parallel reference/ref.txt 1 -p 2 -P 0 -C 2 -F 0.05 --min-coverage 10 --min-repeat-entropy 1.0 -q 13 -m 60 --strict-vcf   -f reference/ref.fa barcode10.bam > barcode10.raw.vcf


### bcftools view --include 'FMT/GT="1/1" && QUAL>=100 && FMT/DP>=10 && (FMT/AO)/(FMT/DP)>=0' barcode10.raw.vcf  | vt normalize -r reference/ref.fa - | bcftools annotate --remove '^INFO/TYPE,^INFO/DP,^INFO/RO,^INFO/AO,^INFO/AB,^FORMAT/GT,^FORMAT/DP,^FORMAT/RO,^FORMAT/AO,^FORMAT/QR,^FORMAT/QA,^FORMAT/GL' > barcode10.filt.vcf


### cp barcode10.filt.vcf barcode10.vcf


### /usr/local/bin/snippy-vcf_to_tab --gff reference/ref.gff --ref reference/ref.fa --vcf barcode10.vcf > barcode10.tab

Loading reference: reference/ref.fa
Loaded 1 sequences.
Loading features: reference/ref.gff
Parsing variants: barcode10.vcf
Converted 28059 SNPs to TAB format.

### /usr/local/bin/snippy-vcf_extract_subs barcode10.filt.vcf > barcode10.subs.vcf


### bcftools convert -Oz -o barcode10.vcf.gz barcode10.vcf


### bcftools index -f barcode10.vcf.gz


### bcftools consensus --sample barcode10 -f reference/ref.fa -o barcode10.consensus.fa barcode10.vcf.gz

Applied 28059 variants

### bcftools convert -Oz -o barcode10.subs.vcf.gz barcode10.subs.vcf


### bcftools index -f barcode10.subs.vcf.gz


### bcftools consensus --sample barcode10 -f reference/ref.fa -o barcode10.consensus.subs.fa barcode10.subs.vcf.gz

Applied 34611 variants

### rm -f barcode10.subs.vcf.gz barcode10.subs.vcf.gz.csi barcode10.subs.vcf.gz.tbi


### rm -f fake_reads\.fq

